<?xml version="1.0" encoding="UTF-8"?>
<coverage generated="1783207215755" clover="3.2.0">
  <project timestamp="1783207215756" name="All files">
    <metrics statements="17" coveredstatements="17" conditionals="14" coveredconditionals="14" methods="15" coveredmethods="15" elements="46" coveredelements="46" complexity="0" loc="17" ncloc="17" packages="1" files="2" classes="2"/>
    <file name="currencyHelpers.ts" path="C:\Users\godwi\Desktop\work\Wealth System\robert-wealth-system\src\helpers\currencyHelpers.ts">
      <metrics statements="3" coveredstatements="3" conditionals="8" coveredconditionals="8" methods="3" coveredmethods="3"/>
      <line num="4" count="5" type="stmt"/>
      <line num="12" count="2" type="stmt"/>
      <line num="21" count="3" type="stmt"/>
    </file>
    <file name="wealthCalculations.ts" path="C:\Users\godwi\Desktop\work\Wealth System\robert-wealth-system\src\helpers\wealthCalculations.ts">
      <metrics statements="14" coveredstatements="14" conditionals="6" coveredconditionals="6" methods="12" coveredmethods="12"/>
      <line num="4" count="8" type="stmt"/>
      <line num="8" count="3" type="stmt"/>
      <line num="12" count="3" type="stmt"/>
      <line num="16" count="3" type="cond" truecount="2" falsecount="0"/>
      <line num="17" count="2" type="stmt"/>
      <line num="21" count="3" type="stmt"/>
      <line num="22" count="3" type="stmt"/>
      <line num="23" count="3" type="stmt"/>
      <line num="31" count="5" type="stmt"/>
      <line num="33" count="7" type="cond" truecount="2" falsecount="0"/>
      <line num="34" count="7" type="cond" truecount="2" falsecount="0"/>
      <line num="35" count="7" type="stmt"/>
      <line num="39" count="5" type="stmt"/>
      <line num="43" count="4" type="stmt"/>
    </file>
  </project>
</coverage>
