{"C:\\Users\\godwi\\Desktop\\work\\Wealth System\\robert-wealth-system\\src\\helpers\\currencyHelpers.ts": {"path":"C:\\Users\\godwi\\Desktop\\work\\Wealth System\\robert-wealth-system\\src\\helpers\\currencyHelpers.ts","statementMap":{"0":{"start":{"line":4,"column":2},"end":{"line":8,"column":null}},"1":{"start":{"line":12,"column":2},"end":{"line":17,"column":null}},"2":{"start":{"line":21,"column":2},"end":{"line":21,"column":null}}},"fnMap":{"0":{"name":"formatCurrency","decl":{"start":{"line":3,"column":16},"end":{"line":3,"column":31}},"loc":{"start":{"line":3,"column":79},"end":{"line":9,"column":null}},"line":3},"1":{"name":"formatCompactCurrency","decl":{"start":{"line":11,"column":16},"end":{"line":11,"column":38}},"loc":{"start":{"line":11,"column":86},"end":{"line":18,"column":null}},"line":11},"2":{"name":"convertCurrency","decl":{"start":{"line":20,"column":16},"end":{"line":20,"column":32}},"loc":{"start":{"line":20,"column":62},"end":{"line":22,"column":null}},"line":20}},"branchMap":{"0":{"loc":{"start":{"line":3,"column":47},"end":{"line":3,"column":79}},"type":"default-arg","locations":[{"start":{"line":3,"column":72},"end":{"line":3,"column":79}}],"line":3},"1":{"loc":{"start":{"line":7,"column":27},"end":{"line":7,"column":null}},"type":"cond-expr","locations":[{"start":{"line":7,"column":48},"end":{"line":7,"column":52}},{"start":{"line":7,"column":52},"end":{"line":7,"column":null}}],"line":7},"2":{"loc":{"start":{"line":8,"column":12},"end":{"line":8,"column":48}},"type":"cond-expr","locations":[{"start":{"line":8,"column":38},"end":{"line":8,"column":47}},{"start":{"line":8,"column":47},"end":{"line":8,"column":48}}],"line":8},"3":{"loc":{"start":{"line":11,"column":54},"end":{"line":11,"column":86}},"type":"default-arg","locations":[{"start":{"line":11,"column":79},"end":{"line":11,"column":86}}],"line":11},"4":{"loc":{"start":{"line":17,"column":12},"end":{"line":17,"column":48}},"type":"cond-expr","locations":[{"start":{"line":17,"column":38},"end":{"line":17,"column":47}},{"start":{"line":17,"column":47},"end":{"line":17,"column":48}}],"line":17}},"s":{"0":5,"1":2,"2":3},"f":{"0":5,"1":2,"2":3},"b":{"0":[5],"1":[1,4],"2":[3,2],"3":[2],"4":[1,1]},"meta":{"lastBranch":5,"lastFunction":3,"lastStatement":3,"seen":{"f:3:16:3:31":0,"b:3:72:3:79":0,"s:4:2:8:Infinity":0,"b:7:48:7:52:7:52:7:Infinity":1,"b:8:38:8:47:8:47:8:48":2,"f:11:16:11:38":1,"b:11:79:11:86":3,"s:12:2:17:Infinity":1,"b:17:38:17:47:17:47:17:48":4,"f:20:16:20:32":2,"s:21:2:21:Infinity":2},"fnNames":{}}}
,"C:\\Users\\godwi\\Desktop\\work\\Wealth System\\robert-wealth-system\\src\\helpers\\wealthCalculations.ts": {"path":"C:\\Users\\godwi\\Desktop\\work\\Wealth System\\robert-wealth-system\\src\\helpers\\wealthCalculations.ts","statementMap":{"0":{"start":{"line":4,"column":2},"end":{"line":4,"column":null}},"1":{"start":{"line":4,"column":48},"end":{"line":4,"column":77}},"2":{"start":{"line":8,"column":2},"end":{"line":8,"column":null}},"3":{"start":{"line":12,"column":2},"end":{"line":12,"column":null}},"4":{"start":{"line":16,"column":2},"end":{"line":16,"column":null}},"5":{"start":{"line":16,"column":26},"end":{"line":16,"column":null}},"6":{"start":{"line":17,"column":2},"end":{"line":17,"column":null}},"7":{"start":{"line":21,"column":22},"end":{"line":21,"column":null}},"8":{"start":{"line":21,"column":52},"end":{"line":21,"column":71}},"9":{"start":{"line":22,"column":27},"end":{"line":22,"column":null}},"10":{"start":{"line":22,"column":66},"end":{"line":22,"column":89}},"11":{"start":{"line":23,"column":2},"end":{"line":27,"column":null}},"12":{"start":{"line":31,"column":17},"end":{"line":38,"column":null}},"13":{"start":{"line":33,"column":6},"end":{"line":33,"column":null}},"14":{"start":{"line":33,"column":41},"end":{"line":33,"column":null}},"15":{"start":{"line":34,"column":6},"end":{"line":34,"column":null}},"16":{"start":{"line":34,"column":42},"end":{"line":34,"column":null}},"17":{"start":{"line":35,"column":6},"end":{"line":35,"column":null}},"18":{"start":{"line":39,"column":2},"end":{"line":39,"column":null}},"19":{"start":{"line":43,"column":2},"end":{"line":43,"column":null}},"20":{"start":{"line":43,"column":68},"end":{"line":43,"column":102}}},"fnMap":{"0":{"name":"budgetPercentageTotal","decl":{"start":{"line":3,"column":16},"end":{"line":3,"column":38}},"loc":{"start":{"line":3,"column":68},"end":{"line":5,"column":null}},"line":3},"1":{"name":"(anonymous_1)","decl":{"start":{"line":4,"column":20},"end":{"line":4,"column":28}},"loc":{"start":{"line":4,"column":48},"end":{"line":4,"column":77}},"line":4},"2":{"name":"isBudgetBalanced","decl":{"start":{"line":7,"column":16},"end":{"line":7,"column":33}},"loc":{"start":{"line":7,"column":63},"end":{"line":9,"column":null}},"line":7},"3":{"name":"calculateBudgetAmount","decl":{"start":{"line":11,"column":16},"end":{"line":11,"column":38}},"loc":{"start":{"line":11,"column":74},"end":{"line":13,"column":null}},"line":11},"4":{"name":"calculateGoalProgress","decl":{"start":{"line":15,"column":16},"end":{"line":15,"column":38}},"loc":{"start":{"line":15,"column":90},"end":{"line":18,"column":null}},"line":15},"5":{"name":"calculateNetWorth","decl":{"start":{"line":20,"column":16},"end":{"line":20,"column":34}},"loc":{"start":{"line":20,"column":77},"end":{"line":28,"column":null}},"line":20},"6":{"name":"(anonymous_6)","decl":{"start":{"line":21,"column":29},"end":{"line":21,"column":37}},"loc":{"start":{"line":21,"column":52},"end":{"line":21,"column":71}},"line":21},"7":{"name":"(anonymous_7)","decl":{"start":{"line":22,"column":39},"end":{"line":22,"column":47}},"loc":{"start":{"line":22,"column":66},"end":{"line":22,"column":89}},"line":22},"8":{"name":"summarizeTransactions","decl":{"start":{"line":30,"column":16},"end":{"line":30,"column":38}},"loc":{"start":{"line":30,"column":67},"end":{"line":40,"column":null}},"line":30},"9":{"name":"(anonymous_9)","decl":{"start":{"line":31,"column":30},"end":{"line":31,"column":null}},"loc":{"start":{"line":32,"column":30},"end":{"line":36,"column":null}},"line":32},"10":{"name":"summarizeMonthlyTransactions","decl":{"start":{"line":42,"column":16},"end":{"line":42,"column":45}},"loc":{"start":{"line":42,"column":89},"end":{"line":44,"column":null}},"line":42},"11":{"name":"(anonymous_11)","decl":{"start":{"line":43,"column":44},"end":{"line":43,"column":52}},"loc":{"start":{"line":43,"column":68},"end":{"line":43,"column":102}},"line":43}},"branchMap":{"0":{"loc":{"start":{"line":16,"column":2},"end":{"line":16,"column":null}},"type":"if","locations":[{"start":{"line":16,"column":2},"end":{"line":16,"column":null}},{"start":{},"end":{}}],"line":16},"1":{"loc":{"start":{"line":33,"column":6},"end":{"line":33,"column":null}},"type":"if","locations":[{"start":{"line":33,"column":6},"end":{"line":33,"column":null}},{"start":{},"end":{}}],"line":33},"2":{"loc":{"start":{"line":34,"column":6},"end":{"line":34,"column":null}},"type":"if","locations":[{"start":{"line":34,"column":6},"end":{"line":34,"column":null}},{"start":{},"end":{}}],"line":34}},"s":{"0":5,"1":8,"2":3,"3":3,"4":3,"5":1,"6":2,"7":3,"8":3,"9":3,"10":2,"11":3,"12":5,"13":7,"14":2,"15":7,"16":5,"17":7,"18":5,"19":2,"20":4},"f":{"0":5,"1":8,"2":3,"3":3,"4":3,"5":3,"6":3,"7":2,"8":5,"9":7,"10":2,"11":4},"b":{"0":[1,2],"1":[2,5],"2":[5,2]},"meta":{"lastBranch":3,"lastFunction":12,"lastStatement":21,"seen":{"f:3:16:3:38":0,"s:4:2:4:Infinity":0,"f:4:20:4:28":1,"s:4:48:4:77":1,"f:7:16:7:33":2,"s:8:2:8:Infinity":2,"f:11:16:11:38":3,"s:12:2:12:Infinity":3,"f:15:16:15:38":4,"b:16:2:16:Infinity:undefined:undefined:undefined:undefined":0,"s:16:2:16:Infinity":4,"s:16:26:16:Infinity":5,"s:17:2:17:Infinity":6,"f:20:16:20:34":5,"s:21:22:21:Infinity":7,"f:21:29:21:37":6,"s:21:52:21:71":8,"s:22:27:22:Infinity":9,"f:22:39:22:47":7,"s:22:66:22:89":10,"s:23:2:27:Infinity":11,"f:30:16:30:38":8,"s:31:17:38:Infinity":12,"f:31:30:31:Infinity":9,"b:33:6:33:Infinity:undefined:undefined:undefined:undefined":1,"s:33:6:33:Infinity":13,"s:33:41:33:Infinity":14,"b:34:6:34:Infinity:undefined:undefined:undefined:undefined":2,"s:34:6:34:Infinity":15,"s:34:42:34:Infinity":16,"s:35:6:35:Infinity":17,"s:39:2:39:Infinity":18,"f:42:16:42:45":10,"s:43:2:43:Infinity":19,"f:43:44:43:52":11,"s:43:68:43:102":20},"fnNames":{}}}
}
